[2017-07-12 14:12:23] START
[2017-07-12 16:03:37] EDIT obsas/controllers/default.py: 1
[2017-07-12 16:04:20] EDIT obsas/controllers/default.py: 0
[2017-07-12 16:05:01] EDIT obsas/controllers/default.py: 0
[2017-07-12 18:11:26] EDIT obsas/controllers/default.py: 9
[2017-07-12 18:11:58] EDIT obsas/controllers/default.py: 1
[2017-07-12 18:13:07] EDIT obsas/controllers/default.py: 0
[2017-07-12 18:14:06] EDIT obsas/models/db.py: 3
[2017-07-12 18:15:18] EDIT obsas/controllers/default.py: -10
[2017-07-12 18:15:26] EDIT obsas/controllers/default.py: 0
[2017-07-12 18:15:32] EDIT obsas/controllers/default.py: 0
[2017-07-12 18:17:34] CREATE fetch.py: 0
[2017-07-12 18:29:36] CREATE conf.py: 0
[2017-07-12 18:29:44] EDIT obsas/models/conf.py: 19
[2017-07-12 18:32:44] CREATE sources/hatvp.py: 0
[2017-07-12 18:33:02] CREATE sources/__init__.py: 0
[2017-07-12 18:38:26] EDIT obsas/modules/sources/hatvp.py: 28
[2017-07-12 18:38:33] EDIT obsas/modules/sources/hatvp.py: 0
[2017-07-12 18:57:27] EDIT obsas/modules/sources/hatvp.py: 0
[2017-07-12 18:59:27] EDIT obsas/modules/sources/hatvp.py: 0
[2017-07-12 19:02:26] EDIT obsas/controllers/fetch.py: 2
[2017-07-12 19:03:51] EDIT obsas/controllers/fetch.py: 0
[2017-07-12 19:11:39] EDIT obsas/controllers/fetch.py: 28
[2017-07-12 19:12:34] EDIT obsas/controllers/fetch.py: -1
[2017-07-12 19:12:47] DELETE obsas/modules/sources/hatvp.py: -29
[2017-07-12 19:12:51] DELETE obsas/modules/sources/__init__.py: -1
[2017-07-12 19:13:32] CREATE fetch/index.html: 0
[2017-07-12 19:14:23] EDIT obsas/controllers/fetch.py: 0
[2017-07-12 19:15:55] CREATE sources/__init__.py: 0
[2017-07-12 19:16:05] CREATE sources/hatvp.py: 0
[2017-07-12 19:16:26] EDIT obsas/modules/sources/hatvp.py: 28
[2017-07-12 19:17:33] CREATE tools.py: 0
[2017-07-12 19:17:59] EDIT obsas/modules/tools.py: 54
[2017-07-12 19:18:15] EDIT obsas/models/conf.py: 2
[2017-07-12 19:19:06] EDIT obsas/controllers/fetch.py: -27
[2017-07-12 19:21:15] EDIT obsas/controllers/fetch.py: 0
[2017-07-12 19:25:20] CREATE sources/deputywatch.py: 0
[2017-07-12 19:26:25] EDIT obsas/modules/sources/deputywatch.py: 44
[2017-07-12 19:32:41] EDIT obsas/modules/sources/hatvp.py: 0
[2017-07-12 19:33:27] EDIT obsas/modules/tools.py: 0
[2017-07-12 19:33:42] EDIT obsas/modules/sources/hatvp.py: 0
[2017-07-12 19:36:26] EDIT obsas/modules/sources/hatvp.py: 0
[2017-07-12 19:36:53] EDIT obsas/modules/sources/hatvp.py: 0
[2017-07-12 19:37:15] EDIT obsas/modules/sources/hatvp.py: 0
[2017-07-12 19:37:35] EDIT obsas/modules/sources/hatvp.py: 1
[2017-07-12 19:39:19] EDIT obsas/modules/sources/hatvp.py: 0
[2017-07-12 19:41:21] EDIT obsas/controllers/fetch.py: 1
[2017-07-12 19:41:35] EDIT obsas/modules/sources/hatvp.py: -1
[2017-07-12 19:42:00] EDIT obsas/controllers/fetch.py: 0
[2017-07-12 19:43:09] EDIT obsas/modules/sources/hatvp.py: 0
[2017-07-12 19:43:58] EDIT obsas/modules/sources/deputywatch.py: -6
[2017-07-12 19:44:17] EDIT obsas/modules/sources/deputywatch.py: 0
[2017-07-12 19:44:40] EDIT obsas/modules/sources/deputywatch.py: 0
[2017-07-12 19:44:50] EDIT obsas/modules/sources/deputywatch.py: 0
[2017-07-12 19:45:32] EDIT obsas/controllers/fetch.py: 1
[2017-07-12 19:59:22] EDIT obsas/private/scripts/deputywatch.py: -5
[2017-07-12 19:59:30] EDIT obsas/private/scripts/deputywatch.py: 0
[2017-07-12 20:02:00] EDIT obsas/modules/sources/deputywatch.py: -31
[2017-07-12 20:02:23] EDIT obsas/modules/sources/deputywatch.py: 0
[2017-07-12 20:03:12] EDIT obsas/modules/sources/deputywatch.py: 0
[2017-07-12 20:03:31] EDIT obsas/modules/sources/deputywatch.py: 1
[2017-07-12 20:07:30] EDIT obsas/modules/sources/deputywatch.py: 0
[2017-07-12 20:07:35] EDIT obsas/modules/sources/deputywatch.py: 0
[2017-07-12 20:09:25] EDIT obsas/modules/sources/deputywatch.py: 0
[2017-07-12 20:13:42] EDIT obsas/modules/sources/deputywatch.py: 0
[2017-07-12 20:15:10] EDIT obsas/private/scripts/deputywatch.py: 6
[2017-07-12 20:15:36] EDIT obsas/private/scripts/deputywatch.py: -1
[2017-07-12 20:18:19] EDIT obsas/private/scripts/deputywatch.py: 0
[2017-07-12 20:19:04] EDIT obsas/modules/sources/deputywatch.py: 0
[2017-07-12 20:22:42] EDIT obsas/modules/sources/deputywatch.py: 0
[2017-07-12 20:22:51] EDIT obsas/modules/sources/deputywatch.py: 0
[2017-07-12 20:31:11] CREATE sources/acteurs_organes.py: 0
[2017-07-12 23:26:18] EDIT obsas/modules/sources/deputywatch.py: 0
[2017-07-12 23:26:57] EDIT obsas/modules/sources/acteurs_organes.py: 146
[2017-07-12 23:28:06] EDIT obsas/controllers/fetch.py: 1
[2017-07-12 23:29:24] EDIT obsas/modules/sources/acteurs_organes.py: 0
[2017-07-12 23:30:11] EDIT obsas/modules/sources/acteurs_organes.py: 1
[2017-07-12 23:31:26] EDIT obsas/modules/sources/acteurs_organes.py: 10
[2017-07-12 23:35:05] EDIT obsas/modules/sources/acteurs_organes.py: 0
[2017-07-12 23:35:49] EDIT obsas/modules/sources/acteurs_organes.py: 0
[2017-07-12 23:36:32] EDIT obsas/modules/sources/acteurs_organes.py: 0
[2017-07-13 03:41:02] CREATE scripts/scrutins.py: 0
[2017-07-13 03:42:02] EDIT obsas/private/scripts/scrutins.py: 116
[2017-07-13 03:43:49] CREATE sources/scrutins.py: 0
[2017-07-13 03:45:12] EDIT obsas/modules/sources/scrutins.py: 8
[2017-07-13 03:45:46] EDIT obsas/controllers/fetch.py: 1
[2017-07-13 03:45:56] EDIT obsas/controllers/fetch.py: 0
[2017-07-13 03:47:32] EDIT obsas/modules/sources/scrutins.py: 0
[2017-07-13 03:48:17] EDIT obsas/modules/sources/scrutins.py: 0
[2017-07-13 03:52:24] EDIT obsas/private/scripts/deputywatch.py: 0
[2017-07-13 03:52:31] EDIT obsas/private/scripts/scrutins.py: 0
[2017-07-13 03:52:57] EDIT obsas/private/scripts/scrutins.py: -1
[2017-07-13 03:53:33] EDIT obsas/modules/sources/scrutins.py: 0
[2017-07-13 11:12:36] EDIT obsas/modules/sources/scrutins.py: 0
[2017-07-13 11:13:49] EDIT obsas/modules/sources/scrutins.py: 1
[2017-07-13 11:15:28] EDIT obsas/controllers/fetch.py: 0
[2017-07-13 11:15:50] EDIT obsas/controllers/fetch.py: 0
[2017-07-13 11:24:24] EDIT obsas/modules/sources/scrutins.py: 0
[2017-07-13 11:26:16] EDIT obsas/modules/sources/scrutins.py: 1
[2017-07-13 11:27:52] EDIT obsas/modules/sources/scrutins.py: 1
